[2018-10-11 12:50:21] production.ERROR: ErrorException: Use of undefined constant MCRYPT_RIJNDAEL_128 - assumed 'MCRYPT_RIJNDAEL_128' (this will throw an Error in a future version of PHP) in C:\wamp64\www\internal_manager_test\vendor\laravel\framework\src\Illuminate\Encryption\EncryptionServiceProvider.php:16
Stack trace:
#0 C:\wamp64\www\internal_manager_test\vendor\laravel\framework\src\Illuminate\Encryption\EncryptionServiceProvider.php(16): Illuminate\Foundation\Bootstrap\HandleExceptions->handleError(2, 'Use of undefine...', 'C:\\wamp64\\www\\i...', 16, Array)
#1 C:\wamp64\www\internal_manager_test\vendor\laravel\framework\src\Illuminate\Container\Container.php(776): Illuminate\Encryption\EncryptionServiceProvider->Illuminate\Encryption\{closure}(Object(Illuminate\Foundation\Application), Array)
#2 C:\wamp64\www\internal_manager_test\vendor\laravel\framework\src\Illuminate\Container\Container.php(659): Illuminate\Container\Container->build(Object(Closure), Array)
#3 C:\wamp64\www\internal_manager_test\vendor\laravel\framework\src\Illuminate\Foundation\Application.php(644): Illuminate\Container\Container->make('encrypter', Array)
#4 C:\wamp64\www\internal_manager_test\vendor\laravel\framework\src\Illuminate\Container\Container.php(890): Illuminate\Foundation\Application->make('encrypter')
#5 C:\wamp64\www\internal_manager_test\vendor\laravel\framework\src\Illuminate\Container\Container.php(851): Illuminate\Container\Container->resolveClass(Object(ReflectionParameter))
#6 C:\wamp64\www\internal_manager_test\vendor\laravel\framework\src\Illuminate\Container\Container.php(815): Illuminate\Container\Container->getDependencies(Array, Array)
#7 C:\wamp64\www\internal_manager_test\vendor\laravel\framework\src\Illuminate\Container\Container.php(659): Illuminate\Container\Container->build('Illuminate\\Cook...', Array)
#8 C:\wamp64\www\internal_manager_test\vendor\laravel\framework\src\Illuminate\Foundation\Application.php(644): Illuminate\Container\Container->make('Illuminate\\Cook...', Array)
#9 C:\wamp64\www\internal_manager_test\vendor\laravel\framework\src\Illuminate\Pipeline\Pipeline.php(124): Illuminate\Foundation\Application->make('Illuminate\\Cook...')
#10 C:\wamp64\www\internal_manager_test\vendor\laravel\framework\src\Illuminate\Foundation\Http\Middleware\CheckForMaintenanceMode.php(42): Illuminate\Pipeline\Pipeline->Illuminate\Pipeline\{closure}(Object(Illuminate\Http\Request))
#11 C:\wamp64\www\internal_manager_test\vendor\laravel\framework\src\Illuminate\Pipeline\Pipeline.php(125): Illuminate\Foundation\Http\Middleware\CheckForMaintenanceMode->handle(Object(Illuminate\Http\Request), Object(Closure))
#12 [internal function]: Illuminate\Pipeline\Pipeline->Illuminate\Pipeline\{closure}(Object(Illuminate\Http\Request))
#13 C:\wamp64\www\internal_manager_test\vendor\laravel\framework\src\Illuminate\Pipeline\Pipeline.php(100): call_user_func(Object(Closure), Object(Illuminate\Http\Request))
#14 C:\wamp64\www\internal_manager_test\vendor\laravel\framework\src\Illuminate\Foundation\Http\Kernel.php(115): Illuminate\Pipeline\Pipeline->then(Object(Closure))
#15 C:\wamp64\www\internal_manager_test\vendor\laravel\framework\src\Illuminate\Foundation\Http\Kernel.php(84): Illuminate\Foundation\Http\Kernel->sendRequestThroughRouter(Object(Illuminate\Http\Request))
#16 C:\wamp64\www\internal_manager_test\public\index.php(60): Illuminate\Foundation\Http\Kernel->handle(Object(Illuminate\Http\Request))
#17 {main}  
[2018-10-11 12:50:21] production.ERROR: ErrorException: Use of undefined constant MCRYPT_RIJNDAEL_128 - assumed 'MCRYPT_RIJNDAEL_128' (this will throw an Error in a future version of PHP) in C:\wamp64\www\internal_manager_test\vendor\laravel\framework\src\Illuminate\Encryption\EncryptionServiceProvider.php:16
Stack trace:
#0 C:\wamp64\www\internal_manager_test\vendor\laravel\framework\src\Illuminate\Encryption\EncryptionServiceProvider.php(16): Illuminate\Foundation\Bootstrap\HandleExceptions->handleError(2, 'Use of undefine...', 'C:\\wamp64\\www\\i...', 16, Array)
#1 C:\wamp64\www\internal_manager_test\vendor\laravel\framework\src\Illuminate\Container\Container.php(776): Illuminate\Encryption\EncryptionServiceProvider->Illuminate\Encryption\{closure}(Object(Illuminate\Foundation\Application), Array)
#2 C:\wamp64\www\internal_manager_test\vendor\laravel\framework\src\Illuminate\Container\Container.php(659): Illuminate\Container\Container->build(Object(Closure), Array)
#3 C:\wamp64\www\internal_manager_test\vendor\laravel\framework\src\Illuminate\Foundation\Application.php(644): Illuminate\Container\Container->make('encrypter', Array)
#4 C:\wamp64\www\internal_manager_test\vendor\laravel\framework\src\Illuminate\Container\Container.php(890): Illuminate\Foundation\Application->make('encrypter')
#5 C:\wamp64\www\internal_manager_test\vendor\laravel\framework\src\Illuminate\Container\Container.php(851): Illuminate\Container\Container->resolveClass(Object(ReflectionParameter))
#6 C:\wamp64\www\internal_manager_test\vendor\laravel\framework\src\Illuminate\Container\Container.php(815): Illuminate\Container\Container->getDependencies(Array, Array)
#7 C:\wamp64\www\internal_manager_test\vendor\laravel\framework\src\Illuminate\Container\Container.php(659): Illuminate\Container\Container->build('Illuminate\\Cook...', Array)
#8 C:\wamp64\www\internal_manager_test\vendor\laravel\framework\src\Illuminate\Foundation\Application.php(644): Illuminate\Container\Container->make('Illuminate\\Cook...', Array)
#9 C:\wamp64\www\internal_manager_test\vendor\laravel\framework\src\Illuminate\Foundation\Http\Kernel.php(131): Illuminate\Foundation\Application->make('Illuminate\\Cook...')
#10 C:\wamp64\www\internal_manager_test\public\index.php(65): Illuminate\Foundation\Http\Kernel->terminate(Object(Illuminate\Http\Request), Object(Symfony\Component\HttpFoundation\Response))
#11 {main}  
[2018-10-11 13:34:35] production.ERROR: ErrorException: Use of undefined constant MCRYPT_RIJNDAEL_128 - assumed 'MCRYPT_RIJNDAEL_128' (this will throw an Error in a future version of PHP) in C:\wamp64\www\internal_manager_test\vendor\laravel\framework\src\Illuminate\Encryption\EncryptionServiceProvider.php:16
Stack trace:
#0 C:\wamp64\www\internal_manager_test\vendor\laravel\framework\src\Illuminate\Encryption\EncryptionServiceProvider.php(16): Illuminate\Foundation\Bootstrap\HandleExceptions->handleError(2, 'Use of undefine...', 'C:\\wamp64\\www\\i...', 16, Array)
#1 C:\wamp64\www\internal_manager_test\vendor\laravel\framework\src\Illuminate\Container\Container.php(776): Illuminate\Encryption\EncryptionServiceProvider->Illuminate\Encryption\{closure}(Object(Illuminate\Foundation\Application), Array)
#2 C:\wamp64\www\internal_manager_test\vendor\laravel\framework\src\Illuminate\Container\Container.php(659): Illuminate\Container\Container->build(Object(Closure), Array)
#3 C:\wamp64\www\internal_manager_test\vendor\laravel\framework\src\Illuminate\Foundation\Application.php(644): Illuminate\Container\Container->make('encrypter', Array)
#4 C:\wamp64\www\internal_manager_test\vendor\laravel\framework\src\Illuminate\Container\Container.php(890): Illuminate\Foundation\Application->make('encrypter')
#5 C:\wamp64\www\internal_manager_test\vendor\laravel\framework\src\Illuminate\Container\Container.php(851): Illuminate\Container\Container->resolveClass(Object(ReflectionParameter))
#6 C:\wamp64\www\internal_manager_test\vendor\laravel\framework\src\Illuminate\Container\Container.php(815): Illuminate\Container\Container->getDependencies(Array, Array)
#7 C:\wamp64\www\internal_manager_test\vendor\laravel\framework\src\Illuminate\Container\Container.php(659): Illuminate\Container\Container->build('Illuminate\\Cook...', Array)
#8 C:\wamp64\www\internal_manager_test\vendor\laravel\framework\src\Illuminate\Foundation\Application.php(644): Illuminate\Container\Container->make('Illuminate\\Cook...', Array)
#9 C:\wamp64\www\internal_manager_test\vendor\laravel\framework\src\Illuminate\Pipeline\Pipeline.php(124): Illuminate\Foundation\Application->make('Illuminate\\Cook...')
#10 C:\wamp64\www\internal_manager_test\vendor\laravel\framework\src\Illuminate\Foundation\Http\Middleware\CheckForMaintenanceMode.php(42): Illuminate\Pipeline\Pipeline->Illuminate\Pipeline\{closure}(Object(Illuminate\Http\Request))
#11 C:\wamp64\www\internal_manager_test\vendor\laravel\framework\src\Illuminate\Pipeline\Pipeline.php(125): Illuminate\Foundation\Http\Middleware\CheckForMaintenanceMode->handle(Object(Illuminate\Http\Request), Object(Closure))
#12 [internal function]: Illuminate\Pipeline\Pipeline->Illuminate\Pipeline\{closure}(Object(Illuminate\Http\Request))
#13 C:\wamp64\www\internal_manager_test\vendor\laravel\framework\src\Illuminate\Pipeline\Pipeline.php(100): call_user_func(Object(Closure), Object(Illuminate\Http\Request))
#14 C:\wamp64\www\internal_manager_test\vendor\laravel\framework\src\Illuminate\Foundation\Http\Kernel.php(115): Illuminate\Pipeline\Pipeline->then(Object(Closure))
#15 C:\wamp64\www\internal_manager_test\vendor\laravel\framework\src\Illuminate\Foundation\Http\Kernel.php(84): Illuminate\Foundation\Http\Kernel->sendRequestThroughRouter(Object(Illuminate\Http\Request))
#16 C:\wamp64\www\internal_manager_test\public\index.php(60): Illuminate\Foundation\Http\Kernel->handle(Object(Illuminate\Http\Request))
#17 {main}  
[2018-10-11 13:34:35] production.ERROR: ErrorException: Use of undefined constant MCRYPT_RIJNDAEL_128 - assumed 'MCRYPT_RIJNDAEL_128' (this will throw an Error in a future version of PHP) in C:\wamp64\www\internal_manager_test\vendor\laravel\framework\src\Illuminate\Encryption\EncryptionServiceProvider.php:16
Stack trace:
#0 C:\wamp64\www\internal_manager_test\vendor\laravel\framework\src\Illuminate\Encryption\EncryptionServiceProvider.php(16): Illuminate\Foundation\Bootstrap\HandleExceptions->handleError(2, 'Use of undefine...', 'C:\\wamp64\\www\\i...', 16, Array)
#1 C:\wamp64\www\internal_manager_test\vendor\laravel\framework\src\Illuminate\Container\Container.php(776): Illuminate\Encryption\EncryptionServiceProvider->Illuminate\Encryption\{closure}(Object(Illuminate\Foundation\Application), Array)
#2 C:\wamp64\www\internal_manager_test\vendor\laravel\framework\src\Illuminate\Container\Container.php(659): Illuminate\Container\Container->build(Object(Closure), Array)
#3 C:\wamp64\www\internal_manager_test\vendor\laravel\framework\src\Illuminate\Foundation\Application.php(644): Illuminate\Container\Container->make('encrypter', Array)
#4 C:\wamp64\www\internal_manager_test\vendor\laravel\framework\src\Illuminate\Container\Container.php(890): Illuminate\Foundation\Application->make('encrypter')
#5 C:\wamp64\www\internal_manager_test\vendor\laravel\framework\src\Illuminate\Container\Container.php(851): Illuminate\Container\Container->resolveClass(Object(ReflectionParameter))
#6 C:\wamp64\www\internal_manager_test\vendor\laravel\framework\src\Illuminate\Container\Container.php(815): Illuminate\Container\Container->getDependencies(Array, Array)
#7 C:\wamp64\www\internal_manager_test\vendor\laravel\framework\src\Illuminate\Container\Container.php(659): Illuminate\Container\Container->build('Illuminate\\Cook...', Array)
#8 C:\wamp64\www\internal_manager_test\vendor\laravel\framework\src\Illuminate\Foundation\Application.php(644): Illuminate\Container\Container->make('Illuminate\\Cook...', Array)
#9 C:\wamp64\www\internal_manager_test\vendor\laravel\framework\src\Illuminate\Foundation\Http\Kernel.php(131): Illuminate\Foundation\Application->make('Illuminate\\Cook...')
#10 C:\wamp64\www\internal_manager_test\public\index.php(65): Illuminate\Foundation\Http\Kernel->terminate(Object(Illuminate\Http\Request), Object(Symfony\Component\HttpFoundation\Response))
#11 {main}  
[2018-10-11 15:31:08] local.ERROR: ErrorException: Use of undefined constant MCRYPT_RIJNDAEL_128 - assumed 'MCRYPT_RIJNDAEL_128' (this will throw an Error in a future version of PHP) in C:\wamp64\www\internal_manager_test\vendor\laravel\framework\src\Illuminate\Encryption\EncryptionServiceProvider.php:16
Stack trace:
#0 C:\wamp64\www\internal_manager_test\vendor\laravel\framework\src\Illuminate\Encryption\EncryptionServiceProvider.php(16): Illuminate\Foundation\Bootstrap\HandleExceptions->handleError(2, 'Use of undefine...', 'C:\\wamp64\\www\\i...', 16, Array)
#1 C:\wamp64\www\internal_manager_test\vendor\laravel\framework\src\Illuminate\Container\Container.php(776): Illuminate\Encryption\EncryptionServiceProvider->Illuminate\Encryption\{closure}(Object(Illuminate\Foundation\Application), Array)
#2 C:\wamp64\www\internal_manager_test\vendor\laravel\framework\src\Illuminate\Container\Container.php(659): Illuminate\Container\Container->build(Object(Closure), Array)
#3 C:\wamp64\www\internal_manager_test\vendor\laravel\framework\src\Illuminate\Foundation\Application.php(644): Illuminate\Container\Container->make('encrypter', Array)
#4 C:\wamp64\www\internal_manager_test\vendor\laravel\framework\src\Illuminate\Container\Container.php(890): Illuminate\Foundation\Application->make('encrypter')
#5 C:\wamp64\www\internal_manager_test\vendor\laravel\framework\src\Illuminate\Container\Container.php(851): Illuminate\Container\Container->resolveClass(Object(ReflectionParameter))
#6 C:\wamp64\www\internal_manager_test\vendor\laravel\framework\src\Illuminate\Container\Container.php(815): Illuminate\Container\Container->getDependencies(Array, Array)
#7 C:\wamp64\www\internal_manager_test\vendor\laravel\framework\src\Illuminate\Container\Container.php(659): Illuminate\Container\Container->build('Illuminate\\Cook...', Array)
#8 C:\wamp64\www\internal_manager_test\vendor\laravel\framework\src\Illuminate\Foundation\Application.php(644): Illuminate\Container\Container->make('Illuminate\\Cook...', Array)
#9 C:\wamp64\www\internal_manager_test\vendor\laravel\framework\src\Illuminate\Pipeline\Pipeline.php(124): Illuminate\Foundation\Application->make('Illuminate\\Cook...')
#10 C:\wamp64\www\internal_manager_test\vendor\laravel\framework\src\Illuminate\Foundation\Http\Middleware\CheckForMaintenanceMode.php(42): Illuminate\Pipeline\Pipeline->Illuminate\Pipeline\{closure}(Object(Illuminate\Http\Request))
#11 C:\wamp64\www\internal_manager_test\vendor\laravel\framework\src\Illuminate\Pipeline\Pipeline.php(125): Illuminate\Foundation\Http\Middleware\CheckForMaintenanceMode->handle(Object(Illuminate\Http\Request), Object(Closure))
#12 [internal function]: Illuminate\Pipeline\Pipeline->Illuminate\Pipeline\{closure}(Object(Illuminate\Http\Request))
#13 C:\wamp64\www\internal_manager_test\vendor\laravel\framework\src\Illuminate\Pipeline\Pipeline.php(100): call_user_func(Object(Closure), Object(Illuminate\Http\Request))
#14 C:\wamp64\www\internal_manager_test\vendor\laravel\framework\src\Illuminate\Foundation\Http\Kernel.php(115): Illuminate\Pipeline\Pipeline->then(Object(Closure))
#15 C:\wamp64\www\internal_manager_test\vendor\laravel\framework\src\Illuminate\Foundation\Http\Kernel.php(84): Illuminate\Foundation\Http\Kernel->sendRequestThroughRouter(Object(Illuminate\Http\Request))
#16 C:\wamp64\www\internal_manager_test\public\index.php(60): Illuminate\Foundation\Http\Kernel->handle(Object(Illuminate\Http\Request))
#17 {main}  
[2018-10-11 15:31:08] local.ERROR: ErrorException: Use of undefined constant MCRYPT_RIJNDAEL_128 - assumed 'MCRYPT_RIJNDAEL_128' (this will throw an Error in a future version of PHP) in C:\wamp64\www\internal_manager_test\vendor\laravel\framework\src\Illuminate\Encryption\EncryptionServiceProvider.php:16
Stack trace:
#0 C:\wamp64\www\internal_manager_test\vendor\laravel\framework\src\Illuminate\Encryption\EncryptionServiceProvider.php(16): Illuminate\Foundation\Bootstrap\HandleExceptions->handleError(2, 'Use of undefine...', 'C:\\wamp64\\www\\i...', 16, Array)
#1 C:\wamp64\www\internal_manager_test\vendor\laravel\framework\src\Illuminate\Container\Container.php(776): Illuminate\Encryption\EncryptionServiceProvider->Illuminate\Encryption\{closure}(Object(Illuminate\Foundation\Application), Array)
#2 C:\wamp64\www\internal_manager_test\vendor\laravel\framework\src\Illuminate\Container\Container.php(659): Illuminate\Container\Container->build(Object(Closure), Array)
#3 C:\wamp64\www\internal_manager_test\vendor\laravel\framework\src\Illuminate\Foundation\Application.php(644): Illuminate\Container\Container->make('encrypter', Array)
#4 C:\wamp64\www\internal_manager_test\vendor\laravel\framework\src\Illuminate\Container\Container.php(890): Illuminate\Foundation\Application->make('encrypter')
#5 C:\wamp64\www\internal_manager_test\vendor\laravel\framework\src\Illuminate\Container\Container.php(851): Illuminate\Container\Container->resolveClass(Object(ReflectionParameter))
#6 C:\wamp64\www\internal_manager_test\vendor\laravel\framework\src\Illuminate\Container\Container.php(815): Illuminate\Container\Container->getDependencies(Array, Array)
#7 C:\wamp64\www\internal_manager_test\vendor\laravel\framework\src\Illuminate\Container\Container.php(659): Illuminate\Container\Container->build('Illuminate\\Cook...', Array)
#8 C:\wamp64\www\internal_manager_test\vendor\laravel\framework\src\Illuminate\Foundation\Application.php(644): Illuminate\Container\Container->make('Illuminate\\Cook...', Array)
#9 C:\wamp64\www\internal_manager_test\vendor\laravel\framework\src\Illuminate\Foundation\Http\Kernel.php(131): Illuminate\Foundation\Application->make('Illuminate\\Cook...')
#10 C:\wamp64\www\internal_manager_test\public\index.php(65): Illuminate\Foundation\Http\Kernel->terminate(Object(Illuminate\Http\Request), Object(Symfony\Component\HttpFoundation\Response))
#11 {main}  
[2018-10-11 15:37:16] local.ERROR: ErrorException: Use of undefined constant MCRYPT_RIJNDAEL_128 - assumed 'MCRYPT_RIJNDAEL_128' (this will throw an Error in a future version of PHP) in C:\wamp64\www\internal_manager_test\vendor\laravel\framework\src\Illuminate\Encryption\EncryptionServiceProvider.php:16
Stack trace:
#0 C:\wamp64\www\internal_manager_test\vendor\laravel\framework\src\Illuminate\Encryption\EncryptionServiceProvider.php(16): Illuminate\Foundation\Bootstrap\HandleExceptions->handleError(2, 'Use of undefine...', 'C:\\wamp64\\www\\i...', 16, Array)
#1 C:\wamp64\www\internal_manager_test\vendor\laravel\framework\src\Illuminate\Container\Container.php(776): Illuminate\Encryption\EncryptionServiceProvider->Illuminate\Encryption\{closure}(Object(Illuminate\Foundation\Application), Array)
#2 C:\wamp64\www\internal_manager_test\vendor\laravel\framework\src\Illuminate\Container\Container.php(659): Illuminate\Container\Container->build(Object(Closure), Array)
#3 C:\wamp64\www\internal_manager_test\vendor\laravel\framework\src\Illuminate\Foundation\Application.php(644): Illuminate\Container\Container->make('encrypter', Array)
#4 C:\wamp64\www\internal_manager_test\vendor\laravel\framework\src\Illuminate\Container\Container.php(890): Illuminate\Foundation\Application->make('encrypter')
#5 C:\wamp64\www\internal_manager_test\vendor\laravel\framework\src\Illuminate\Container\Container.php(851): Illuminate\Container\Container->resolveClass(Object(ReflectionParameter))
#6 C:\wamp64\www\internal_manager_test\vendor\laravel\framework\src\Illuminate\Container\Container.php(815): Illuminate\Container\Container->getDependencies(Array, Array)
#7 C:\wamp64\www\internal_manager_test\vendor\laravel\framework\src\Illuminate\Container\Container.php(659): Illuminate\Container\Container->build('Illuminate\\Cook...', Array)
#8 C:\wamp64\www\internal_manager_test\vendor\laravel\framework\src\Illuminate\Foundation\Application.php(644): Illuminate\Container\Container->make('Illuminate\\Cook...', Array)
#9 C:\wamp64\www\internal_manager_test\vendor\laravel\framework\src\Illuminate\Pipeline\Pipeline.php(124): Illuminate\Foundation\Application->make('Illuminate\\Cook...')
#10 C:\wamp64\www\internal_manager_test\vendor\laravel\framework\src\Illuminate\Foundation\Http\Middleware\CheckForMaintenanceMode.php(42): Illuminate\Pipeline\Pipeline->Illuminate\Pipeline\{closure}(Object(Illuminate\Http\Request))
#11 C:\wamp64\www\internal_manager_test\vendor\laravel\framework\src\Illuminate\Pipeline\Pipeline.php(125): Illuminate\Foundation\Http\Middleware\CheckForMaintenanceMode->handle(Object(Illuminate\Http\Request), Object(Closure))
#12 [internal function]: Illuminate\Pipeline\Pipeline->Illuminate\Pipeline\{closure}(Object(Illuminate\Http\Request))
#13 C:\wamp64\www\internal_manager_test\vendor\laravel\framework\src\Illuminate\Pipeline\Pipeline.php(100): call_user_func(Object(Closure), Object(Illuminate\Http\Request))
#14 C:\wamp64\www\internal_manager_test\vendor\laravel\framework\src\Illuminate\Foundation\Http\Kernel.php(115): Illuminate\Pipeline\Pipeline->then(Object(Closure))
#15 C:\wamp64\www\internal_manager_test\vendor\laravel\framework\src\Illuminate\Foundation\Http\Kernel.php(84): Illuminate\Foundation\Http\Kernel->sendRequestThroughRouter(Object(Illuminate\Http\Request))
#16 C:\wamp64\www\internal_manager_test\public\index.php(60): Illuminate\Foundation\Http\Kernel->handle(Object(Illuminate\Http\Request))
#17 {main}  
[2018-10-11 15:37:16] local.ERROR: ErrorException: Use of undefined constant MCRYPT_RIJNDAEL_128 - assumed 'MCRYPT_RIJNDAEL_128' (this will throw an Error in a future version of PHP) in C:\wamp64\www\internal_manager_test\vendor\laravel\framework\src\Illuminate\Encryption\EncryptionServiceProvider.php:16
Stack trace:
#0 C:\wamp64\www\internal_manager_test\vendor\laravel\framework\src\Illuminate\Encryption\EncryptionServiceProvider.php(16): Illuminate\Foundation\Bootstrap\HandleExceptions->handleError(2, 'Use of undefine...', 'C:\\wamp64\\www\\i...', 16, Array)
#1 C:\wamp64\www\internal_manager_test\vendor\laravel\framework\src\Illuminate\Container\Container.php(776): Illuminate\Encryption\EncryptionServiceProvider->Illuminate\Encryption\{closure}(Object(Illuminate\Foundation\Application), Array)
#2 C:\wamp64\www\internal_manager_test\vendor\laravel\framework\src\Illuminate\Container\Container.php(659): Illuminate\Container\Container->build(Object(Closure), Array)
#3 C:\wamp64\www\internal_manager_test\vendor\laravel\framework\src\Illuminate\Foundation\Application.php(644): Illuminate\Container\Container->make('encrypter', Array)
#4 C:\wamp64\www\internal_manager_test\vendor\laravel\framework\src\Illuminate\Container\Container.php(890): Illuminate\Foundation\Application->make('encrypter')
#5 C:\wamp64\www\internal_manager_test\vendor\laravel\framework\src\Illuminate\Container\Container.php(851): Illuminate\Container\Container->resolveClass(Object(ReflectionParameter))
#6 C:\wamp64\www\internal_manager_test\vendor\laravel\framework\src\Illuminate\Container\Container.php(815): Illuminate\Container\Container->getDependencies(Array, Array)
#7 C:\wamp64\www\internal_manager_test\vendor\laravel\framework\src\Illuminate\Container\Container.php(659): Illuminate\Container\Container->build('Illuminate\\Cook...', Array)
#8 C:\wamp64\www\internal_manager_test\vendor\laravel\framework\src\Illuminate\Foundation\Application.php(644): Illuminate\Container\Container->make('Illuminate\\Cook...', Array)
#9 C:\wamp64\www\internal_manager_test\vendor\laravel\framework\src\Illuminate\Foundation\Http\Kernel.php(131): Illuminate\Foundation\Application->make('Illuminate\\Cook...')
#10 C:\wamp64\www\internal_manager_test\public\index.php(65): Illuminate\Foundation\Http\Kernel->terminate(Object(Illuminate\Http\Request), Object(Symfony\Component\HttpFoundation\Response))
#11 {main}  
[2018-10-11 15:45:09] local.ERROR: Symfony\Component\Debug\Exception\FatalErrorException: Uncaught TypeError: Argument 1 passed to App\Exceptions\Handler::report() must be an instance of Exception, instance of Error given, called in C:\wamp64\www\internal_manager_test\vendor\laravel\framework\src\Illuminate\Foundation\Bootstrap\HandleExceptions.php on line 73 and defined in C:\wamp64\www\internal_manager_test\app\Exceptions\Handler.php:25
Stack trace:
#0 C:\wamp64\www\internal_manager_test\vendor\laravel\framework\src\Illuminate\Foundation\Bootstrap\HandleExceptions.php(73): App\Exceptions\Handler->report(Object(Error))
#1 [internal function]: Illuminate\Foundation\Bootstrap\HandleExceptions->handleException(Object(Error))
#2 {main}
  thrown in C:\wamp64\www\internal_manager_test\app\Exceptions\Handler.php:25
Stack trace:
#0 C:\wamp64\www\internal_manager_test\vendor\laravel\framework\src\Illuminate\Foundation\Bootstrap\HandleExceptions.php(130): Symfony\Component\Debug\Exception\FatalErrorException->__construct()
#1 C:\wamp64\www\internal_manager_test\vendor\laravel\framework\src\Illuminate\Foundation\Bootstrap\HandleExceptions.php(116): Illuminate\Foundation\Bootstrap\HandleExceptions->fatalExceptionFromError()
#2 C:\wamp64\www\internal_manager_test\vendor\laravel\framework\src\Illuminate\Foundation\Bootstrap\HandleExceptions.php(0): Illuminate\Foundation\Bootstrap\HandleExceptions->handleShutdown()
#3 {main}  
[2018-10-11 15:45:10] local.ERROR: Symfony\Component\Debug\Exception\FatalErrorException: Uncaught TypeError: Argument 1 passed to App\Exceptions\Handler::report() must be an instance of Exception, instance of Error given, called in C:\wamp64\www\internal_manager_test\vendor\laravel\framework\src\Illuminate\Foundation\Bootstrap\HandleExceptions.php on line 73 and defined in C:\wamp64\www\internal_manager_test\app\Exceptions\Handler.php:25
Stack trace:
#0 C:\wamp64\www\internal_manager_test\vendor\laravel\framework\src\Illuminate\Foundation\Bootstrap\HandleExceptions.php(73): App\Exceptions\Handler->report(Object(Error))
#1 [internal function]: Illuminate\Foundation\Bootstrap\HandleExceptions->handleException(Object(Error))
#2 {main}
  thrown in C:\wamp64\www\internal_manager_test\app\Exceptions\Handler.php:25
Stack trace:
#0 C:\wamp64\www\internal_manager_test\vendor\laravel\framework\src\Illuminate\Foundation\Bootstrap\HandleExceptions.php(130): Symfony\Component\Debug\Exception\FatalErrorException->__construct()
#1 C:\wamp64\www\internal_manager_test\vendor\laravel\framework\src\Illuminate\Foundation\Bootstrap\HandleExceptions.php(116): Illuminate\Foundation\Bootstrap\HandleExceptions->fatalExceptionFromError()
#2 C:\wamp64\www\internal_manager_test\vendor\laravel\framework\src\Illuminate\Foundation\Bootstrap\HandleExceptions.php(0): Illuminate\Foundation\Bootstrap\HandleExceptions->handleShutdown()
#3 {main}  
[2018-10-11 15:45:10] local.ERROR: Symfony\Component\Debug\Exception\FatalErrorException: Uncaught TypeError: Argument 1 passed to App\Exceptions\Handler::report() must be an instance of Exception, instance of Error given, called in C:\wamp64\www\internal_manager_test\vendor\laravel\framework\src\Illuminate\Foundation\Bootstrap\HandleExceptions.php on line 73 and defined in C:\wamp64\www\internal_manager_test\app\Exceptions\Handler.php:25
Stack trace:
#0 C:\wamp64\www\internal_manager_test\vendor\laravel\framework\src\Illuminate\Foundation\Bootstrap\HandleExceptions.php(73): App\Exceptions\Handler->report(Object(Error))
#1 [internal function]: Illuminate\Foundation\Bootstrap\HandleExceptions->handleException(Object(Error))
#2 {main}
  thrown in C:\wamp64\www\internal_manager_test\app\Exceptions\Handler.php:25
Stack trace:
#0 C:\wamp64\www\internal_manager_test\vendor\laravel\framework\src\Illuminate\Foundation\Bootstrap\HandleExceptions.php(130): Symfony\Component\Debug\Exception\FatalErrorException->__construct()
#1 C:\wamp64\www\internal_manager_test\vendor\laravel\framework\src\Illuminate\Foundation\Bootstrap\HandleExceptions.php(116): Illuminate\Foundation\Bootstrap\HandleExceptions->fatalExceptionFromError()
#2 C:\wamp64\www\internal_manager_test\vendor\laravel\framework\src\Illuminate\Foundation\Bootstrap\HandleExceptions.php(0): Illuminate\Foundation\Bootstrap\HandleExceptions->handleShutdown()
#3 {main}  
[2018-10-11 15:45:11] local.ERROR: Symfony\Component\Debug\Exception\FatalErrorException: Uncaught TypeError: Argument 1 passed to App\Exceptions\Handler::report() must be an instance of Exception, instance of Error given, called in C:\wamp64\www\internal_manager_test\vendor\laravel\framework\src\Illuminate\Foundation\Bootstrap\HandleExceptions.php on line 73 and defined in C:\wamp64\www\internal_manager_test\app\Exceptions\Handler.php:25
Stack trace:
#0 C:\wamp64\www\internal_manager_test\vendor\laravel\framework\src\Illuminate\Foundation\Bootstrap\HandleExceptions.php(73): App\Exceptions\Handler->report(Object(Error))
#1 [internal function]: Illuminate\Foundation\Bootstrap\HandleExceptions->handleException(Object(Error))
#2 {main}
  thrown in C:\wamp64\www\internal_manager_test\app\Exceptions\Handler.php:25
Stack trace:
#0 C:\wamp64\www\internal_manager_test\vendor\laravel\framework\src\Illuminate\Foundation\Bootstrap\HandleExceptions.php(130): Symfony\Component\Debug\Exception\FatalErrorException->__construct()
#1 C:\wamp64\www\internal_manager_test\vendor\laravel\framework\src\Illuminate\Foundation\Bootstrap\HandleExceptions.php(116): Illuminate\Foundation\Bootstrap\HandleExceptions->fatalExceptionFromError()
#2 C:\wamp64\www\internal_manager_test\vendor\laravel\framework\src\Illuminate\Foundation\Bootstrap\HandleExceptions.php(0): Illuminate\Foundation\Bootstrap\HandleExceptions->handleShutdown()
#3 {main}  
[2018-10-11 15:45:11] local.ERROR: Symfony\Component\Debug\Exception\FatalErrorException: Uncaught TypeError: Argument 1 passed to App\Exceptions\Handler::report() must be an instance of Exception, instance of Error given, called in C:\wamp64\www\internal_manager_test\vendor\laravel\framework\src\Illuminate\Foundation\Bootstrap\HandleExceptions.php on line 73 and defined in C:\wamp64\www\internal_manager_test\app\Exceptions\Handler.php:25
Stack trace:
#0 C:\wamp64\www\internal_manager_test\vendor\laravel\framework\src\Illuminate\Foundation\Bootstrap\HandleExceptions.php(73): App\Exceptions\Handler->report(Object(Error))
#1 [internal function]: Illuminate\Foundation\Bootstrap\HandleExceptions->handleException(Object(Error))
#2 {main}
  thrown in C:\wamp64\www\internal_manager_test\app\Exceptions\Handler.php:25
Stack trace:
#0 C:\wamp64\www\internal_manager_test\vendor\laravel\framework\src\Illuminate\Foundation\Bootstrap\HandleExceptions.php(130): Symfony\Component\Debug\Exception\FatalErrorException->__construct()
#1 C:\wamp64\www\internal_manager_test\vendor\laravel\framework\src\Illuminate\Foundation\Bootstrap\HandleExceptions.php(116): Illuminate\Foundation\Bootstrap\HandleExceptions->fatalExceptionFromError()
#2 C:\wamp64\www\internal_manager_test\vendor\laravel\framework\src\Illuminate\Foundation\Bootstrap\HandleExceptions.php(0): Illuminate\Foundation\Bootstrap\HandleExceptions->handleShutdown()
#3 {main}  
[2018-10-11 17:52:12] local.ERROR: ErrorException: Use of undefined constant MCRYPT_RIJNDAEL_128 - assumed 'MCRYPT_RIJNDAEL_128' (this will throw an Error in a future version of PHP) in C:\wamp64\www\internal_manager_test\vendor\laravel\framework\src\Illuminate\Encryption\EncryptionServiceProvider.php:16
Stack trace:
#0 C:\wamp64\www\internal_manager_test\vendor\laravel\framework\src\Illuminate\Encryption\EncryptionServiceProvider.php(16): Illuminate\Foundation\Bootstrap\HandleExceptions->handleError(2, 'Use of undefine...', 'C:\\wamp64\\www\\i...', 16, Array)
#1 C:\wamp64\www\internal_manager_test\vendor\laravel\framework\src\Illuminate\Container\Container.php(776): Illuminate\Encryption\EncryptionServiceProvider->Illuminate\Encryption\{closure}(Object(Illuminate\Foundation\Application), Array)
#2 C:\wamp64\www\internal_manager_test\vendor\laravel\framework\src\Illuminate\Container\Container.php(659): Illuminate\Container\Container->build(Object(Closure), Array)
#3 C:\wamp64\www\internal_manager_test\vendor\laravel\framework\src\Illuminate\Foundation\Application.php(644): Illuminate\Container\Container->make('encrypter', Array)
#4 C:\wamp64\www\internal_manager_test\vendor\laravel\framework\src\Illuminate\Container\Container.php(890): Illuminate\Foundation\Application->make('encrypter')
#5 C:\wamp64\www\internal_manager_test\vendor\laravel\framework\src\Illuminate\Container\Container.php(851): Illuminate\Container\Container->resolveClass(Object(ReflectionParameter))
#6 C:\wamp64\www\internal_manager_test\vendor\laravel\framework\src\Illuminate\Container\Container.php(815): Illuminate\Container\Container->getDependencies(Array, Array)
#7 C:\wamp64\www\internal_manager_test\vendor\laravel\framework\src\Illuminate\Container\Container.php(659): Illuminate\Container\Container->build('Illuminate\\Cook...', Array)
#8 C:\wamp64\www\internal_manager_test\vendor\laravel\framework\src\Illuminate\Foundation\Application.php(644): Illuminate\Container\Container->make('Illuminate\\Cook...', Array)
#9 C:\wamp64\www\internal_manager_test\vendor\laravel\framework\src\Illuminate\Pipeline\Pipeline.php(124): Illuminate\Foundation\Application->make('Illuminate\\Cook...')
#10 C:\wamp64\www\internal_manager_test\vendor\laravel\framework\src\Illuminate\Foundation\Http\Middleware\CheckForMaintenanceMode.php(42): Illuminate\Pipeline\Pipeline->Illuminate\Pipeline\{closure}(Object(Illuminate\Http\Request))
#11 C:\wamp64\www\internal_manager_test\vendor\laravel\framework\src\Illuminate\Pipeline\Pipeline.php(125): Illuminate\Foundation\Http\Middleware\CheckForMaintenanceMode->handle(Object(Illuminate\Http\Request), Object(Closure))
#12 [internal function]: Illuminate\Pipeline\Pipeline->Illuminate\Pipeline\{closure}(Object(Illuminate\Http\Request))
#13 C:\wamp64\www\internal_manager_test\vendor\laravel\framework\src\Illuminate\Pipeline\Pipeline.php(100): call_user_func(Object(Closure), Object(Illuminate\Http\Request))
#14 C:\wamp64\www\internal_manager_test\vendor\laravel\framework\src\Illuminate\Foundation\Http\Kernel.php(115): Illuminate\Pipeline\Pipeline->then(Object(Closure))
#15 C:\wamp64\www\internal_manager_test\vendor\laravel\framework\src\Illuminate\Foundation\Http\Kernel.php(84): Illuminate\Foundation\Http\Kernel->sendRequestThroughRouter(Object(Illuminate\Http\Request))
#16 C:\wamp64\www\internal_manager_test\public\index.php(60): Illuminate\Foundation\Http\Kernel->handle(Object(Illuminate\Http\Request))
#17 {main}  
[2018-10-11 17:52:12] local.ERROR: ErrorException: Use of undefined constant MCRYPT_RIJNDAEL_128 - assumed 'MCRYPT_RIJNDAEL_128' (this will throw an Error in a future version of PHP) in C:\wamp64\www\internal_manager_test\vendor\laravel\framework\src\Illuminate\Encryption\EncryptionServiceProvider.php:16
Stack trace:
#0 C:\wamp64\www\internal_manager_test\vendor\laravel\framework\src\Illuminate\Encryption\EncryptionServiceProvider.php(16): Illuminate\Foundation\Bootstrap\HandleExceptions->handleError(2, 'Use of undefine...', 'C:\\wamp64\\www\\i...', 16, Array)
#1 C:\wamp64\www\internal_manager_test\vendor\laravel\framework\src\Illuminate\Container\Container.php(776): Illuminate\Encryption\EncryptionServiceProvider->Illuminate\Encryption\{closure}(Object(Illuminate\Foundation\Application), Array)
#2 C:\wamp64\www\internal_manager_test\vendor\laravel\framework\src\Illuminate\Container\Container.php(659): Illuminate\Container\Container->build(Object(Closure), Array)
#3 C:\wamp64\www\internal_manager_test\vendor\laravel\framework\src\Illuminate\Foundation\Application.php(644): Illuminate\Container\Container->make('encrypter', Array)
#4 C:\wamp64\www\internal_manager_test\vendor\laravel\framework\src\Illuminate\Container\Container.php(890): Illuminate\Foundation\Application->make('encrypter')
#5 C:\wamp64\www\internal_manager_test\vendor\laravel\framework\src\Illuminate\Container\Container.php(851): Illuminate\Container\Container->resolveClass(Object(ReflectionParameter))
#6 C:\wamp64\www\internal_manager_test\vendor\laravel\framework\src\Illuminate\Container\Container.php(815): Illuminate\Container\Container->getDependencies(Array, Array)
#7 C:\wamp64\www\internal_manager_test\vendor\laravel\framework\src\Illuminate\Container\Container.php(659): Illuminate\Container\Container->build('Illuminate\\Cook...', Array)
#8 C:\wamp64\www\internal_manager_test\vendor\laravel\framework\src\Illuminate\Foundation\Application.php(644): Illuminate\Container\Container->make('Illuminate\\Cook...', Array)
#9 C:\wamp64\www\internal_manager_test\vendor\laravel\framework\src\Illuminate\Foundation\Http\Kernel.php(131): Illuminate\Foundation\Application->make('Illuminate\\Cook...')
#10 C:\wamp64\www\internal_manager_test\public\index.php(65): Illuminate\Foundation\Http\Kernel->terminate(Object(Illuminate\Http\Request), Object(Symfony\Component\HttpFoundation\Response))
#11 {main}  
